2020-12-03 14:16:47.874 INFO  org.springframework.boot.context.embedded.AnnotationConfigEmbeddedWebApplicationContext - Closing org.springframework.boot.context.embedded.AnnotationConfigEmbeddedWebApplicationContext@72209d93: startup date [Wed Dec 02 09:42:21 CST 2020]; parent: org.springframework.context.annotation.AnnotationConfigApplicationContext@7776ab
2020-12-03 14:16:47.877 INFO  org.springframework.context.support.DefaultLifecycleProcessor - Stopping beans in phase 2147483647
2020-12-03 14:16:47.878 INFO  org.springframework.context.support.DefaultLifecycleProcessor - Stopping beans in phase 0
2020-12-03 14:16:47.880 INFO  org.springframework.boot.actuate.endpoint.jmx.EndpointMBeanExporter - Unregistering JMX-exposed beans on shutdown
2020-12-03 14:16:47.880 INFO  org.springframework.boot.actuate.endpoint.jmx.EndpointMBeanExporter - Unregistering JMX-exposed beans
2020-12-03 14:16:47.881 INFO  org.springframework.jmx.export.annotation.AnnotationMBeanExporter - Unregistering JMX-exposed beans on shutdown
2020-12-03 14:16:47.881 INFO  org.springframework.jmx.export.annotation.AnnotationMBeanExporter - Unregistering JMX-exposed beans
2020-12-03 15:15:49.392 INFO  org.springframework.context.annotation.AnnotationConfigApplicationContext - Refreshing org.springframework.context.annotation.AnnotationConfigApplicationContext@7776ab: startup date [Thu Dec 03 15:15:49 CST 2020]; root of context hierarchy
2020-12-03 15:15:49.538 INFO  org.hibernate.validator.internal.util.Version - HV000001: Hibernate Validator 5.3.4.Final
2020-12-03 15:15:49.692 INFO  org.springframework.beans.factory.annotation.AutowiredAnnotationBeanPostProcessor - JSR-330 'javax.inject.Inject' annotation found and supported for autowiring
2020-12-03 15:15:49.725 INFO  org.springframework.context.support.PostProcessorRegistrationDelegate$BeanPostProcessorChecker - Bean 'configurationPropertiesRebinderAutoConfiguration' of type [org.springframework.cloud.autoconfigure.ConfigurationPropertiesRebinderAutoConfiguration$$EnhancerBySpringCGLIB$$a2436d01] is not eligible for getting processed by all BeanPostProcessors (for example: not eligible for auto-proxying)
2020-12-03 15:16:00.534 INFO  com.weibo.oasis.Application - No active profile set, falling back to default profiles: default
2020-12-03 15:16:00.552 INFO  org.springframework.boot.context.embedded.AnnotationConfigEmbeddedWebApplicationContext - Refreshing org.springframework.boot.context.embedded.AnnotationConfigEmbeddedWebApplicationContext@9a7a808: startup date [Thu Dec 03 15:16:00 CST 2020]; parent: org.springframework.context.annotation.AnnotationConfigApplicationContext@7776ab
2020-12-03 15:16:01.461 INFO  org.springframework.cloud.context.scope.GenericScope - BeanFactory id=16e59e0b-0ffd-3dbc-91bf-ae12d14096ed
2020-12-03 15:16:01.475 INFO  org.springframework.beans.factory.annotation.AutowiredAnnotationBeanPostProcessor - JSR-330 'javax.inject.Inject' annotation found and supported for autowiring
2020-12-03 15:16:01.596 INFO  org.springframework.context.support.PostProcessorRegistrationDelegate$BeanPostProcessorChecker - Bean 'org.springframework.transaction.annotation.ProxyTransactionManagementConfiguration' of type [org.springframework.transaction.annotation.ProxyTransactionManagementConfiguration$$EnhancerBySpringCGLIB$$86296a04] is not eligible for getting processed by all BeanPostProcessors (for example: not eligible for auto-proxying)
2020-12-03 15:16:01.668 INFO  org.springframework.context.support.PostProcessorRegistrationDelegate$BeanPostProcessorChecker - Bean 'org.springframework.cloud.netflix.metrics.MetricsInterceptorConfiguration$MetricsRestTemplateConfiguration' of type [org.springframework.cloud.netflix.metrics.MetricsInterceptorConfiguration$MetricsRestTemplateConfiguration$$EnhancerBySpringCGLIB$$b8561045] is not eligible for getting processed by all BeanPostProcessors (for example: not eligible for auto-proxying)
2020-12-03 15:16:01.676 INFO  org.springframework.context.support.PostProcessorRegistrationDelegate$BeanPostProcessorChecker - Bean 'org.springframework.cloud.autoconfigure.ConfigurationPropertiesRebinderAutoConfiguration' of type [org.springframework.cloud.autoconfigure.ConfigurationPropertiesRebinderAutoConfiguration$$EnhancerBySpringCGLIB$$a2436d01] is not eligible for getting processed by all BeanPostProcessors (for example: not eligible for auto-proxying)
2020-12-03 15:16:01.857 INFO  org.springframework.boot.context.embedded.tomcat.TomcatEmbeddedServletContainer - Tomcat initialized with port(s): 9002 (http)
2020-12-03 15:16:01.865 INFO  org.apache.catalina.core.StandardService - Starting service Tomcat
2020-12-03 15:16:01.865 INFO  org.apache.catalina.core.StandardEngine - Starting Servlet Engine: Apache Tomcat/8.5.11
2020-12-03 15:16:01.934 INFO  org.apache.catalina.core.ContainerBase.[Tomcat].[localhost].[/] - Initializing Spring embedded WebApplicationContext
2020-12-03 15:16:01.935 INFO  org.springframework.web.context.ContextLoader - Root WebApplicationContext: initialization completed in 1383 ms
2020-12-03 15:16:02.150 INFO  org.springframework.boot.web.servlet.ServletRegistrationBean - Mapping servlet: 'dispatcherServlet' to [/]
2020-12-03 15:16:02.154 INFO  org.springframework.boot.web.servlet.FilterRegistrationBean - Mapping filter: 'metricsFilter' to: [/*]
2020-12-03 15:16:02.154 INFO  org.springframework.boot.web.servlet.FilterRegistrationBean - Mapping filter: 'characterEncodingFilter' to: [/*]
2020-12-03 15:16:02.154 INFO  org.springframework.boot.web.servlet.FilterRegistrationBean - Mapping filter: 'hiddenHttpMethodFilter' to: [/*]
2020-12-03 15:16:02.154 INFO  org.springframework.boot.web.servlet.FilterRegistrationBean - Mapping filter: 'httpPutFormContentFilter' to: [/*]
2020-12-03 15:16:02.154 INFO  org.springframework.boot.web.servlet.FilterRegistrationBean - Mapping filter: 'requestContextFilter' to: [/*]
2020-12-03 15:16:02.154 INFO  org.springframework.boot.web.servlet.FilterRegistrationBean - Mapping filter: 'webRequestLoggingFilter' to: [/*]
2020-12-03 15:16:02.154 INFO  org.springframework.boot.web.servlet.FilterRegistrationBean - Mapping filter: 'loggingFilter' to: [/*]
2020-12-03 15:16:02.154 INFO  org.springframework.boot.web.servlet.FilterRegistrationBean - Mapping filter: 'applicationContextIdFilter' to: [/*]
2020-12-03 15:16:02.951 INFO  org.springframework.web.servlet.mvc.method.annotation.RequestMappingHandlerMapping - Mapped "{[/api/v1/login],methods=[POST]}" onto public com.weibo.oasis.RestResponse com.weibo.oasis.controller.v1.LoginController.create(com.weibo.oasis.vo.LoginVO)
2020-12-03 15:16:02.952 INFO  org.springframework.web.servlet.mvc.method.annotation.RequestMappingHandlerMapping - Mapped "{[/api/v1/users/{id}],methods=[DELETE]}" onto public com.weibo.oasis.RestResponse com.weibo.oasis.controller.v1.UserController.update(java.lang.Integer)
2020-12-03 15:16:02.953 INFO  org.springframework.web.servlet.mvc.method.annotation.RequestMappingHandlerMapping - Mapped "{[/api/v1/users/{id}],methods=[PUT]}" onto public com.weibo.oasis.RestResponse com.weibo.oasis.controller.v1.UserController.update(java.lang.Integer,com.weibo.oasis.vo.OperateUserVO)
2020-12-03 15:16:02.953 INFO  org.springframework.web.servlet.mvc.method.annotation.RequestMappingHandlerMapping - Mapped "{[/api/v1/users],methods=[POST]}" onto public com.weibo.oasis.RestResponse com.weibo.oasis.controller.v1.UserController.create(com.weibo.oasis.vo.OperateUserVO)
2020-12-03 15:16:02.953 INFO  org.springframework.web.servlet.mvc.method.annotation.RequestMappingHandlerMapping - Mapped "{[/api/v1/users],methods=[GET]}" onto public com.weibo.oasis.RestResponse<com.weibo.oasis.vo.list.UserListVO> com.weibo.oasis.controller.v1.UserController.all(com.weibo.oasis.vo.search.SearchUserVO,com.ne.boot.common.entity.Page)
2020-12-03 15:16:02.954 INFO  org.springframework.web.servlet.mvc.method.annotation.RequestMappingHandlerMapping - Mapped "{[/v2/api-docs],methods=[GET],produces=[application/json || application/hal+json]}" onto public org.springframework.http.ResponseEntity<springfox.documentation.spring.web.json.Json> springfox.documentation.swagger2.web.Swagger2Controller.getDocumentation(java.lang.String,javax.servlet.http.HttpServletRequest)
2020-12-03 15:16:02.956 INFO  org.springframework.web.servlet.mvc.method.annotation.RequestMappingHandlerMapping - Mapped "{[/swagger-resources/configuration/security]}" onto org.springframework.http.ResponseEntity<springfox.documentation.swagger.web.SecurityConfiguration> springfox.documentation.swagger.web.ApiResourceController.securityConfiguration()
2020-12-03 15:16:02.956 INFO  org.springframework.web.servlet.mvc.method.annotation.RequestMappingHandlerMapping - Mapped "{[/swagger-resources/configuration/ui]}" onto org.springframework.http.ResponseEntity<springfox.documentation.swagger.web.UiConfiguration> springfox.documentation.swagger.web.ApiResourceController.uiConfiguration()
2020-12-03 15:16:02.957 INFO  org.springframework.web.servlet.mvc.method.annotation.RequestMappingHandlerMapping - Mapped "{[/swagger-resources]}" onto org.springframework.http.ResponseEntity<java.util.List<springfox.documentation.swagger.web.SwaggerResource>> springfox.documentation.swagger.web.ApiResourceController.swaggerResources()
2020-12-03 15:16:02.959 INFO  org.springframework.web.servlet.mvc.method.annotation.RequestMappingHandlerMapping - Mapped "{[/error],produces=[text/html]}" onto public org.springframework.web.servlet.ModelAndView org.springframework.boot.autoconfigure.web.BasicErrorController.errorHtml(javax.servlet.http.HttpServletRequest,javax.servlet.http.HttpServletResponse)
2020-12-03 15:16:02.959 INFO  org.springframework.web.servlet.mvc.method.annotation.RequestMappingHandlerMapping - Mapped "{[/error]}" onto public org.springframework.http.ResponseEntity<java.util.Map<java.lang.String, java.lang.Object>> org.springframework.boot.autoconfigure.web.BasicErrorController.error(javax.servlet.http.HttpServletRequest)
2020-12-03 15:16:03.360 INFO  org.springframework.boot.actuate.endpoint.mvc.EndpointHandlerMapping - Mapped "{[/configprops || /configprops.json],methods=[GET],produces=[application/vnd.spring-boot.actuator.v1+json || application/json]}" onto public java.lang.Object org.springframework.boot.actuate.endpoint.mvc.EndpointMvcAdapter.invoke()
2020-12-03 15:16:03.360 INFO  org.springframework.boot.actuate.endpoint.mvc.EndpointHandlerMapping - Mapped "{[/restart || /restart.json],methods=[POST]}" onto public java.lang.Object org.springframework.cloud.context.restart.RestartMvcEndpoint.invoke()
2020-12-03 15:16:03.360 INFO  org.springframework.boot.actuate.endpoint.mvc.EndpointHandlerMapping - Mapped "{[/dump || /dump.json],methods=[GET],produces=[application/vnd.spring-boot.actuator.v1+json || application/json]}" onto public java.lang.Object org.springframework.boot.actuate.endpoint.mvc.EndpointMvcAdapter.invoke()
2020-12-03 15:16:03.362 INFO  org.springframework.boot.actuate.endpoint.mvc.EndpointHandlerMapping - Mapped "{[/pause || /pause.json],methods=[POST]}" onto public java.lang.Object org.springframework.cloud.endpoint.GenericPostableMvcEndpoint.invoke()
2020-12-03 15:16:03.362 INFO  org.springframework.boot.actuate.endpoint.mvc.EndpointHandlerMapping - Mapped "{[/env],methods=[POST]}" onto public java.lang.Object org.springframework.cloud.context.environment.EnvironmentManagerMvcEndpoint.value(java.util.Map<java.lang.String, java.lang.String>)
2020-12-03 15:16:03.363 INFO  org.springframework.boot.actuate.endpoint.mvc.EndpointHandlerMapping - Mapped "{[/env/reset],methods=[POST]}" onto public java.util.Map<java.lang.String, java.lang.Object> org.springframework.cloud.context.environment.EnvironmentManagerMvcEndpoint.reset()
2020-12-03 15:16:03.363 INFO  org.springframework.boot.actuate.endpoint.mvc.EndpointHandlerMapping - Mapped "{[/refresh || /refresh.json],methods=[POST]}" onto public java.lang.Object org.springframework.cloud.endpoint.GenericPostableMvcEndpoint.invoke()
2020-12-03 15:16:03.376 INFO  org.springframework.boot.actuate.endpoint.mvc.EndpointHandlerMapping - Mapped "{[/env/{name:.*}],methods=[GET],produces=[application/vnd.spring-boot.actuator.v1+json || application/json]}" onto public java.lang.Object org.springframework.boot.actuate.endpoint.mvc.EnvironmentMvcEndpoint.value(java.lang.String)
2020-12-03 15:16:03.377 INFO  org.springframework.boot.actuate.endpoint.mvc.EndpointHandlerMapping - Mapped "{[/env || /env.json],methods=[GET],produces=[application/vnd.spring-boot.actuator.v1+json || application/json]}" onto public java.lang.Object org.springframework.boot.actuate.endpoint.mvc.EndpointMvcAdapter.invoke()
2020-12-03 15:16:03.377 INFO  org.springframework.boot.actuate.endpoint.mvc.EndpointHandlerMapping - Mapped "{[/autoconfig || /autoconfig.json],methods=[GET],produces=[application/vnd.spring-boot.actuator.v1+json || application/json]}" onto public java.lang.Object org.springframework.boot.actuate.endpoint.mvc.EndpointMvcAdapter.invoke()
2020-12-03 15:16:03.377 INFO  org.springframework.boot.actuate.endpoint.mvc.EndpointHandlerMapping - Mapped "{[/archaius || /archaius.json],methods=[GET],produces=[application/vnd.spring-boot.actuator.v1+json || application/json]}" onto public java.lang.Object org.springframework.boot.actuate.endpoint.mvc.EndpointMvcAdapter.invoke()
2020-12-03 15:16:03.377 INFO  org.springframework.boot.actuate.endpoint.mvc.EndpointHandlerMapping - Mapped "{[/features || /features.json],methods=[GET],produces=[application/vnd.spring-boot.actuator.v1+json || application/json]}" onto public java.lang.Object org.springframework.boot.actuate.endpoint.mvc.EndpointMvcAdapter.invoke()
2020-12-03 15:16:03.378 INFO  org.springframework.boot.actuate.endpoint.mvc.EndpointHandlerMapping - Mapped "{[/metrics/{name:.*}],methods=[GET],produces=[application/vnd.spring-boot.actuator.v1+json || application/json]}" onto public java.lang.Object org.springframework.boot.actuate.endpoint.mvc.MetricsMvcEndpoint.value(java.lang.String)
2020-12-03 15:16:03.378 INFO  org.springframework.boot.actuate.endpoint.mvc.EndpointHandlerMapping - Mapped "{[/metrics || /metrics.json],methods=[GET],produces=[application/vnd.spring-boot.actuator.v1+json || application/json]}" onto public java.lang.Object org.springframework.boot.actuate.endpoint.mvc.EndpointMvcAdapter.invoke()
2020-12-03 15:16:03.379 INFO  org.springframework.boot.actuate.endpoint.mvc.EndpointHandlerMapping - Mapped "{[/auditevents || /auditevents.json],methods=[GET],produces=[application/vnd.spring-boot.actuator.v1+json || application/json]}" onto public org.springframework.http.ResponseEntity<?> org.springframework.boot.actuate.endpoint.mvc.AuditEventsMvcEndpoint.findByPrincipalAndAfterAndType(java.lang.String,java.util.Date,java.lang.String)
2020-12-03 15:16:03.379 INFO  org.springframework.boot.actuate.endpoint.mvc.EndpointHandlerMapping - Mapped "{[/resume || /resume.json],methods=[POST]}" onto public java.lang.Object org.springframework.cloud.endpoint.GenericPostableMvcEndpoint.invoke()
2020-12-03 15:16:03.379 INFO  org.springframework.boot.actuate.endpoint.mvc.EndpointHandlerMapping - Mapped "{[/beans || /beans.json],methods=[GET],produces=[application/vnd.spring-boot.actuator.v1+json || application/json]}" onto public java.lang.Object org.springframework.boot.actuate.endpoint.mvc.EndpointMvcAdapter.invoke()
2020-12-03 15:16:03.380 INFO  org.springframework.boot.actuate.endpoint.mvc.EndpointHandlerMapping - Mapped "{[/heapdump || /heapdump.json],methods=[GET],produces=[application/octet-stream]}" onto public void org.springframework.boot.actuate.endpoint.mvc.HeapdumpMvcEndpoint.invoke(boolean,javax.servlet.http.HttpServletRequest,javax.servlet.http.HttpServletResponse) throws java.io.IOException,javax.servlet.ServletException
2020-12-03 15:16:03.380 INFO  org.springframework.boot.actuate.endpoint.mvc.EndpointHandlerMapping - Mapped "{[/health || /health.json],methods=[GET],produces=[application/vnd.spring-boot.actuator.v1+json || application/json]}" onto public java.lang.Object org.springframework.boot.actuate.endpoint.mvc.HealthMvcEndpoint.invoke(javax.servlet.http.HttpServletRequest,java.security.Principal)
2020-12-03 15:16:03.381 INFO  org.springframework.boot.actuate.endpoint.mvc.EndpointHandlerMapping - Mapped "{[/mappings || /mappings.json],methods=[GET],produces=[application/vnd.spring-boot.actuator.v1+json || application/json]}" onto public java.lang.Object org.springframework.boot.actuate.endpoint.mvc.EndpointMvcAdapter.invoke()
2020-12-03 15:16:03.382 INFO  org.springframework.boot.actuate.endpoint.mvc.EndpointHandlerMapping - Mapped "{[/loggers/{name:.*}],methods=[GET],produces=[application/vnd.spring-boot.actuator.v1+json || application/json]}" onto public java.lang.Object org.springframework.boot.actuate.endpoint.mvc.LoggersMvcEndpoint.get(java.lang.String)
2020-12-03 15:16:03.382 INFO  org.springframework.boot.actuate.endpoint.mvc.EndpointHandlerMapping - Mapped "{[/loggers/{name:.*}],methods=[POST],consumes=[application/vnd.spring-boot.actuator.v1+json || application/json],produces=[application/vnd.spring-boot.actuator.v1+json || application/json]}" onto public java.lang.Object org.springframework.boot.actuate.endpoint.mvc.LoggersMvcEndpoint.set(java.lang.String,java.util.Map<java.lang.String, java.lang.String>)
2020-12-03 15:16:03.382 INFO  org.springframework.boot.actuate.endpoint.mvc.EndpointHandlerMapping - Mapped "{[/loggers || /loggers.json],methods=[GET],produces=[application/vnd.spring-boot.actuator.v1+json || application/json]}" onto public java.lang.Object org.springframework.boot.actuate.endpoint.mvc.EndpointMvcAdapter.invoke()
2020-12-03 15:16:03.382 INFO  org.springframework.boot.actuate.endpoint.mvc.EndpointHandlerMapping - Mapped "{[/trace || /trace.json],methods=[GET],produces=[application/vnd.spring-boot.actuator.v1+json || application/json]}" onto public java.lang.Object org.springframework.boot.actuate.endpoint.mvc.EndpointMvcAdapter.invoke()
2020-12-03 15:16:03.382 INFO  org.springframework.boot.actuate.endpoint.mvc.EndpointHandlerMapping - Mapped "{[/info || /info.json],methods=[GET],produces=[application/vnd.spring-boot.actuator.v1+json || application/json]}" onto public java.lang.Object org.springframework.boot.actuate.endpoint.mvc.EndpointMvcAdapter.invoke()
2020-12-03 15:16:03.569 INFO  org.springframework.web.servlet.mvc.method.annotation.RequestMappingHandlerAdapter - Looking for @ControllerAdvice: org.springframework.boot.context.embedded.AnnotationConfigEmbeddedWebApplicationContext@9a7a808: startup date [Thu Dec 03 15:16:00 CST 2020]; parent: org.springframework.context.annotation.AnnotationConfigApplicationContext@7776ab
2020-12-03 15:16:03.623 INFO  org.springframework.web.servlet.handler.SimpleUrlHandlerMapping - Mapped URL path [/webjars/**] onto handler of type [class org.springframework.web.servlet.resource.ResourceHttpRequestHandler]
2020-12-03 15:16:03.623 INFO  org.springframework.web.servlet.handler.SimpleUrlHandlerMapping - Mapped URL path [/**] onto handler of type [class org.springframework.web.servlet.resource.ResourceHttpRequestHandler]
2020-12-03 15:16:03.644 INFO  org.springframework.web.servlet.mvc.method.annotation.ExceptionHandlerExceptionResolver - Detected @ExceptionHandler methods in globalExceptionHandler
2020-12-03 15:16:03.664 INFO  org.springframework.web.servlet.handler.SimpleUrlHandlerMapping - Mapped URL path [/**/favicon.ico] onto handler of type [class org.springframework.web.servlet.resource.ResourceHttpRequestHandler]
2020-12-03 15:16:04.064 INFO  com.netflix.config.sources.URLConfigurationSource - To enable URLs as dynamic configuration sources, define System property archaius.configurationSource.additionalUrls or make config.properties available on classpath.
2020-12-03 15:16:04.067 INFO  com.netflix.config.sources.URLConfigurationSource - To enable URLs as dynamic configuration sources, define System property archaius.configurationSource.additionalUrls or make config.properties available on classpath.
2020-12-03 15:16:04.206 INFO  org.springframework.jmx.export.annotation.AnnotationMBeanExporter - Registering beans for JMX exposure on startup
2020-12-03 15:16:04.218 INFO  org.springframework.jmx.export.annotation.AnnotationMBeanExporter - Bean with name 'refreshScope' has been autodetected for JMX exposure
2020-12-03 15:16:04.219 INFO  org.springframework.jmx.export.annotation.AnnotationMBeanExporter - Bean with name 'environmentManager' has been autodetected for JMX exposure
2020-12-03 15:16:04.221 INFO  org.springframework.jmx.export.annotation.AnnotationMBeanExporter - Bean with name 'configurationPropertiesRebinder' has been autodetected for JMX exposure
2020-12-03 15:16:04.221 INFO  org.springframework.jmx.export.annotation.AnnotationMBeanExporter - Bean with name 'refreshEndpoint' has been autodetected for JMX exposure
2020-12-03 15:16:04.222 INFO  org.springframework.jmx.export.annotation.AnnotationMBeanExporter - Bean with name 'restartEndpoint' has been autodetected for JMX exposure
2020-12-03 15:16:04.224 INFO  org.springframework.jmx.export.annotation.AnnotationMBeanExporter - Located managed bean 'environmentManager': registering with JMX server as MBean [org.springframework.cloud.context.environment:name=environmentManager,type=EnvironmentManager]
2020-12-03 15:16:04.234 INFO  org.springframework.jmx.export.annotation.AnnotationMBeanExporter - Located managed bean 'restartEndpoint': registering with JMX server as MBean [org.springframework.cloud.context.restart:name=restartEndpoint,type=RestartEndpoint]
2020-12-03 15:16:04.242 INFO  org.springframework.jmx.export.annotation.AnnotationMBeanExporter - Located managed bean 'refreshScope': registering with JMX server as MBean [org.springframework.cloud.context.scope.refresh:name=refreshScope,type=RefreshScope]
2020-12-03 15:16:04.250 INFO  org.springframework.jmx.export.annotation.AnnotationMBeanExporter - Located managed bean 'configurationPropertiesRebinder': registering with JMX server as MBean [org.springframework.cloud.context.properties:name=configurationPropertiesRebinder,context=9a7a808,type=ConfigurationPropertiesRebinder]
2020-12-03 15:16:04.255 INFO  org.springframework.jmx.export.annotation.AnnotationMBeanExporter - Located managed bean 'refreshEndpoint': registering with JMX server as MBean [org.springframework.cloud.endpoint:name=refreshEndpoint,type=RefreshEndpoint]
2020-12-03 15:16:04.256 INFO  org.springframework.boot.actuate.endpoint.jmx.EndpointMBeanExporter - Registering beans for JMX exposure on startup
2020-12-03 15:16:04.415 INFO  org.springframework.context.support.DefaultLifecycleProcessor - Starting beans in phase 0
2020-12-03 15:16:04.417 INFO  org.springframework.boot.actuate.endpoint.jmx.EndpointMBeanExporter - Located managed bean 'auditEventsEndpoint': registering with JMX server as MBean [org.springframework.boot:type=Endpoint,name=auditEventsEndpoint]
2020-12-03 15:16:04.423 INFO  org.springframework.boot.actuate.endpoint.jmx.EndpointMBeanExporter - Located managed bean 'featuresEndpoint': registering with JMX server as MBean [org.springframework.boot:type=Endpoint,name=featuresEndpoint]
2020-12-03 15:16:04.430 INFO  org.springframework.boot.actuate.endpoint.jmx.EndpointMBeanExporter - Located managed bean 'requestMappingEndpoint': registering with JMX server as MBean [org.springframework.boot:type=Endpoint,name=requestMappingEndpoint]
2020-12-03 15:16:04.431 INFO  org.springframework.boot.actuate.endpoint.jmx.EndpointMBeanExporter - Located managed bean 'environmentEndpoint': registering with JMX server as MBean [org.springframework.boot:type=Endpoint,name=environmentEndpoint]
2020-12-03 15:16:04.433 INFO  org.springframework.boot.actuate.endpoint.jmx.EndpointMBeanExporter - Located managed bean 'healthEndpoint': registering with JMX server as MBean [org.springframework.boot:type=Endpoint,name=healthEndpoint]
2020-12-03 15:16:04.434 INFO  org.springframework.boot.actuate.endpoint.jmx.EndpointMBeanExporter - Located managed bean 'beansEndpoint': registering with JMX server as MBean [org.springframework.boot:type=Endpoint,name=beansEndpoint]
2020-12-03 15:16:04.435 INFO  org.springframework.boot.actuate.endpoint.jmx.EndpointMBeanExporter - Located managed bean 'infoEndpoint': registering with JMX server as MBean [org.springframework.boot:type=Endpoint,name=infoEndpoint]
2020-12-03 15:16:04.437 INFO  org.springframework.boot.actuate.endpoint.jmx.EndpointMBeanExporter - Located managed bean 'loggersEndpoint': registering with JMX server as MBean [org.springframework.boot:type=Endpoint,name=loggersEndpoint]
2020-12-03 15:16:04.441 INFO  org.springframework.boot.actuate.endpoint.jmx.EndpointMBeanExporter - Located managed bean 'metricsEndpoint': registering with JMX server as MBean [org.springframework.boot:type=Endpoint,name=metricsEndpoint]
2020-12-03 15:16:04.442 INFO  org.springframework.boot.actuate.endpoint.jmx.EndpointMBeanExporter - Located managed bean 'traceEndpoint': registering with JMX server as MBean [org.springframework.boot:type=Endpoint,name=traceEndpoint]
2020-12-03 15:16:04.443 INFO  org.springframework.boot.actuate.endpoint.jmx.EndpointMBeanExporter - Located managed bean 'dumpEndpoint': registering with JMX server as MBean [org.springframework.boot:type=Endpoint,name=dumpEndpoint]
2020-12-03 15:16:04.445 INFO  org.springframework.boot.actuate.endpoint.jmx.EndpointMBeanExporter - Located managed bean 'autoConfigurationReportEndpoint': registering with JMX server as MBean [org.springframework.boot:type=Endpoint,name=autoConfigurationReportEndpoint]
2020-12-03 15:16:04.446 INFO  org.springframework.boot.actuate.endpoint.jmx.EndpointMBeanExporter - Located managed bean 'configurationPropertiesReportEndpoint': registering with JMX server as MBean [org.springframework.boot:type=Endpoint,name=configurationPropertiesReportEndpoint]
2020-12-03 15:16:04.447 INFO  org.springframework.boot.actuate.endpoint.jmx.EndpointMBeanExporter - Located managed bean 'archaiusEndpoint': registering with JMX server as MBean [org.springframework.boot:type=Endpoint,name=archaiusEndpoint]
2020-12-03 15:16:04.448 INFO  org.springframework.context.support.DefaultLifecycleProcessor - Starting beans in phase 2147483647
2020-12-03 15:16:04.448 INFO  springfox.documentation.spring.web.plugins.DocumentationPluginsBootstrapper - Context refreshed
2020-12-03 15:16:04.460 INFO  springfox.documentation.spring.web.plugins.DocumentationPluginsBootstrapper - Found 1 custom documentation plugin(s)
2020-12-03 15:16:04.470 INFO  springfox.documentation.spring.web.scanners.ApiListingReferenceScanner - Scanning for api listing references
2020-12-03 15:16:04.574 INFO  springfox.documentation.spring.web.readers.operation.CachingOperationNameGenerator - Generating unique operation named: createUsingPOST_1
2020-12-03 15:16:04.604 INFO  org.apache.coyote.http11.Http11NioProtocol - Initializing ProtocolHandler ["http-nio-9002"]
2020-12-03 15:16:04.611 INFO  org.apache.coyote.http11.Http11NioProtocol - Starting ProtocolHandler [http-nio-9002]
2020-12-03 15:16:04.629 INFO  org.apache.tomcat.util.net.NioSelectorPool - Using a shared selector for servlet write/read
2020-12-03 15:16:04.642 INFO  org.springframework.boot.context.embedded.tomcat.TomcatEmbeddedServletContainer - Tomcat started on port(s): 9002 (http)
2020-12-03 15:16:04.648 INFO  com.weibo.oasis.Application - Started Application in 25.568 seconds (JVM running for 31.213)
2020-12-03 15:16:20.942 INFO  org.apache.catalina.core.ContainerBase.[Tomcat].[localhost].[/] - Initializing Spring FrameworkServlet 'dispatcherServlet'
2020-12-03 15:16:20.942 INFO  org.springframework.web.servlet.DispatcherServlet - FrameworkServlet 'dispatcherServlet': initialization started
2020-12-03 15:16:20.959 INFO  org.springframework.web.servlet.DispatcherServlet - FrameworkServlet 'dispatcherServlet': initialization completed in 17 ms
2020-12-03 15:42:04.111 INFO  org.springframework.boot.context.embedded.AnnotationConfigEmbeddedWebApplicationContext - Closing org.springframework.boot.context.embedded.AnnotationConfigEmbeddedWebApplicationContext@9a7a808: startup date [Thu Dec 03 15:16:00 CST 2020]; parent: org.springframework.context.annotation.AnnotationConfigApplicationContext@7776ab
2020-12-03 15:42:04.113 INFO  org.springframework.context.support.DefaultLifecycleProcessor - Stopping beans in phase 2147483647
2020-12-03 15:42:04.114 INFO  org.springframework.context.support.DefaultLifecycleProcessor - Stopping beans in phase 0
2020-12-03 15:42:04.116 INFO  org.springframework.boot.actuate.endpoint.jmx.EndpointMBeanExporter - Unregistering JMX-exposed beans on shutdown
2020-12-03 15:42:04.116 INFO  org.springframework.boot.actuate.endpoint.jmx.EndpointMBeanExporter - Unregistering JMX-exposed beans
2020-12-03 15:42:04.116 INFO  org.springframework.jmx.export.annotation.AnnotationMBeanExporter - Unregistering JMX-exposed beans on shutdown
2020-12-03 15:42:04.116 INFO  org.springframework.jmx.export.annotation.AnnotationMBeanExporter - Unregistering JMX-exposed beans
2020-12-03 15:43:58.417 INFO  org.springframework.context.annotation.AnnotationConfigApplicationContext - Refreshing org.springframework.context.annotation.AnnotationConfigApplicationContext@4b1d6571: startup date [Thu Dec 03 15:43:58 CST 2020]; root of context hierarchy
2020-12-03 15:43:58.503 INFO  org.hibernate.validator.internal.util.Version - HV000001: Hibernate Validator 5.3.4.Final
2020-12-03 15:43:58.595 INFO  org.springframework.beans.factory.annotation.AutowiredAnnotationBeanPostProcessor - JSR-330 'javax.inject.Inject' annotation found and supported for autowiring
2020-12-03 15:43:58.666 INFO  org.springframework.context.support.PostProcessorRegistrationDelegate$BeanPostProcessorChecker - Bean 'configurationPropertiesRebinderAutoConfiguration' of type [org.springframework.cloud.autoconfigure.ConfigurationPropertiesRebinderAutoConfiguration$$EnhancerBySpringCGLIB$$ed8dcfcb] is not eligible for getting processed by all BeanPostProcessors (for example: not eligible for auto-proxying)
2020-12-03 15:44:08.944 INFO  com.weibo.oasis.Application - No active profile set, falling back to default profiles: default
2020-12-03 15:44:08.960 INFO  org.springframework.boot.context.embedded.AnnotationConfigEmbeddedWebApplicationContext - Refreshing org.springframework.boot.context.embedded.AnnotationConfigEmbeddedWebApplicationContext@48ea2003: startup date [Thu Dec 03 15:44:08 CST 2020]; parent: org.springframework.context.annotation.AnnotationConfigApplicationContext@4b1d6571
2020-12-03 15:44:09.803 INFO  org.springframework.cloud.context.scope.GenericScope - BeanFactory id=16e59e0b-0ffd-3dbc-91bf-ae12d14096ed
2020-12-03 15:44:09.817 INFO  org.springframework.beans.factory.annotation.AutowiredAnnotationBeanPostProcessor - JSR-330 'javax.inject.Inject' annotation found and supported for autowiring
2020-12-03 15:44:09.938 INFO  org.springframework.context.support.PostProcessorRegistrationDelegate$BeanPostProcessorChecker - Bean 'org.springframework.transaction.annotation.ProxyTransactionManagementConfiguration' of type [org.springframework.transaction.annotation.ProxyTransactionManagementConfiguration$$EnhancerBySpringCGLIB$$d173ccce] is not eligible for getting processed by all BeanPostProcessors (for example: not eligible for auto-proxying)
2020-12-03 15:44:10.009 INFO  org.springframework.context.support.PostProcessorRegistrationDelegate$BeanPostProcessorChecker - Bean 'org.springframework.cloud.netflix.metrics.MetricsInterceptorConfiguration$MetricsRestTemplateConfiguration' of type [org.springframework.cloud.netflix.metrics.MetricsInterceptorConfiguration$MetricsRestTemplateConfiguration$$EnhancerBySpringCGLIB$$3a0730f] is not eligible for getting processed by all BeanPostProcessors (for example: not eligible for auto-proxying)
2020-12-03 15:44:10.016 INFO  org.springframework.context.support.PostProcessorRegistrationDelegate$BeanPostProcessorChecker - Bean 'org.springframework.cloud.autoconfigure.ConfigurationPropertiesRebinderAutoConfiguration' of type [org.springframework.cloud.autoconfigure.ConfigurationPropertiesRebinderAutoConfiguration$$EnhancerBySpringCGLIB$$ed8dcfcb] is not eligible for getting processed by all BeanPostProcessors (for example: not eligible for auto-proxying)
2020-12-03 15:44:10.193 INFO  org.springframework.boot.context.embedded.tomcat.TomcatEmbeddedServletContainer - Tomcat initialized with port(s): 9002 (http)
2020-12-03 15:44:10.200 INFO  org.apache.catalina.core.StandardService - Starting service Tomcat
2020-12-03 15:44:10.200 INFO  org.apache.catalina.core.StandardEngine - Starting Servlet Engine: Apache Tomcat/8.5.11
2020-12-03 15:44:10.278 INFO  org.apache.catalina.core.ContainerBase.[Tomcat].[localhost].[/] - Initializing Spring embedded WebApplicationContext
2020-12-03 15:44:10.279 INFO  org.springframework.web.context.ContextLoader - Root WebApplicationContext: initialization completed in 1319 ms
2020-12-03 15:44:10.472 INFO  org.springframework.boot.web.servlet.ServletRegistrationBean - Mapping servlet: 'dispatcherServlet' to [/]
2020-12-03 15:44:10.476 INFO  org.springframework.boot.web.servlet.FilterRegistrationBean - Mapping filter: 'metricsFilter' to: [/*]
2020-12-03 15:44:10.476 INFO  org.springframework.boot.web.servlet.FilterRegistrationBean - Mapping filter: 'characterEncodingFilter' to: [/*]
2020-12-03 15:44:10.476 INFO  org.springframework.boot.web.servlet.FilterRegistrationBean - Mapping filter: 'hiddenHttpMethodFilter' to: [/*]
2020-12-03 15:44:10.476 INFO  org.springframework.boot.web.servlet.FilterRegistrationBean - Mapping filter: 'httpPutFormContentFilter' to: [/*]
2020-12-03 15:44:10.476 INFO  org.springframework.boot.web.servlet.FilterRegistrationBean - Mapping filter: 'requestContextFilter' to: [/*]
2020-12-03 15:44:10.476 INFO  org.springframework.boot.web.servlet.FilterRegistrationBean - Mapping filter: 'webRequestLoggingFilter' to: [/*]
2020-12-03 15:44:10.476 INFO  org.springframework.boot.web.servlet.FilterRegistrationBean - Mapping filter: 'loggingFilter' to: [/*]
2020-12-03 15:44:10.476 INFO  org.springframework.boot.web.servlet.FilterRegistrationBean - Mapping filter: 'applicationContextIdFilter' to: [/*]
2020-12-03 15:44:11.232 INFO  org.springframework.web.servlet.mvc.method.annotation.RequestMappingHandlerMapping - Mapped "{[/api/v1/login],methods=[POST]}" onto public com.weibo.oasis.RestResponse com.weibo.oasis.controller.v1.LoginController.create(com.weibo.oasis.vo.LoginVO)
2020-12-03 15:44:11.234 INFO  org.springframework.web.servlet.mvc.method.annotation.RequestMappingHandlerMapping - Mapped "{[/api/v1/users/{id}],methods=[DELETE]}" onto public com.weibo.oasis.RestResponse com.weibo.oasis.controller.v1.UserController.update(java.lang.Integer)
2020-12-03 15:44:11.234 INFO  org.springframework.web.servlet.mvc.method.annotation.RequestMappingHandlerMapping - Mapped "{[/api/v1/users/{id}],methods=[PUT]}" onto public com.weibo.oasis.RestResponse com.weibo.oasis.controller.v1.UserController.update(java.lang.Integer,com.weibo.oasis.vo.OperateUserVO)
2020-12-03 15:44:11.234 INFO  org.springframework.web.servlet.mvc.method.annotation.RequestMappingHandlerMapping - Mapped "{[/api/v1/users],methods=[POST]}" onto public com.weibo.oasis.RestResponse com.weibo.oasis.controller.v1.UserController.create(com.weibo.oasis.vo.OperateUserVO)
2020-12-03 15:44:11.234 INFO  org.springframework.web.servlet.mvc.method.annotation.RequestMappingHandlerMapping - Mapped "{[/api/v1/users],methods=[GET]}" onto public com.weibo.oasis.RestResponse<com.weibo.oasis.vo.list.UserListVO> com.weibo.oasis.controller.v1.UserController.all(com.weibo.oasis.vo.search.SearchUserVO,com.ne.boot.common.entity.Page)
2020-12-03 15:44:11.235 INFO  org.springframework.web.servlet.mvc.method.annotation.RequestMappingHandlerMapping - Mapped "{[/v2/api-docs],methods=[GET],produces=[application/json || application/hal+json]}" onto public org.springframework.http.ResponseEntity<springfox.documentation.spring.web.json.Json> springfox.documentation.swagger2.web.Swagger2Controller.getDocumentation(java.lang.String,javax.servlet.http.HttpServletRequest)
2020-12-03 15:44:11.237 INFO  org.springframework.web.servlet.mvc.method.annotation.RequestMappingHandlerMapping - Mapped "{[/swagger-resources/configuration/security]}" onto org.springframework.http.ResponseEntity<springfox.documentation.swagger.web.SecurityConfiguration> springfox.documentation.swagger.web.ApiResourceController.securityConfiguration()
2020-12-03 15:44:11.237 INFO  org.springframework.web.servlet.mvc.method.annotation.RequestMappingHandlerMapping - Mapped "{[/swagger-resources/configuration/ui]}" onto org.springframework.http.ResponseEntity<springfox.documentation.swagger.web.UiConfiguration> springfox.documentation.swagger.web.ApiResourceController.uiConfiguration()
2020-12-03 15:44:11.237 INFO  org.springframework.web.servlet.mvc.method.annotation.RequestMappingHandlerMapping - Mapped "{[/swagger-resources]}" onto org.springframework.http.ResponseEntity<java.util.List<springfox.documentation.swagger.web.SwaggerResource>> springfox.documentation.swagger.web.ApiResourceController.swaggerResources()
2020-12-03 15:44:11.239 INFO  org.springframework.web.servlet.mvc.method.annotation.RequestMappingHandlerMapping - Mapped "{[/error],produces=[text/html]}" onto public org.springframework.web.servlet.ModelAndView org.springframework.boot.autoconfigure.web.BasicErrorController.errorHtml(javax.servlet.http.HttpServletRequest,javax.servlet.http.HttpServletResponse)
2020-12-03 15:44:11.240 INFO  org.springframework.web.servlet.mvc.method.annotation.RequestMappingHandlerMapping - Mapped "{[/error]}" onto public org.springframework.http.ResponseEntity<java.util.Map<java.lang.String, java.lang.Object>> org.springframework.boot.autoconfigure.web.BasicErrorController.error(javax.servlet.http.HttpServletRequest)
2020-12-03 15:44:11.631 INFO  org.springframework.boot.actuate.endpoint.mvc.EndpointHandlerMapping - Mapped "{[/env/{name:.*}],methods=[GET],produces=[application/vnd.spring-boot.actuator.v1+json || application/json]}" onto public java.lang.Object org.springframework.boot.actuate.endpoint.mvc.EnvironmentMvcEndpoint.value(java.lang.String)
2020-12-03 15:44:11.632 INFO  org.springframework.boot.actuate.endpoint.mvc.EndpointHandlerMapping - Mapped "{[/env || /env.json],methods=[GET],produces=[application/vnd.spring-boot.actuator.v1+json || application/json]}" onto public java.lang.Object org.springframework.boot.actuate.endpoint.mvc.EndpointMvcAdapter.invoke()
2020-12-03 15:44:11.632 INFO  org.springframework.boot.actuate.endpoint.mvc.EndpointHandlerMapping - Mapped "{[/env],methods=[POST]}" onto public java.lang.Object org.springframework.cloud.context.environment.EnvironmentManagerMvcEndpoint.value(java.util.Map<java.lang.String, java.lang.String>)
2020-12-03 15:44:11.632 INFO  org.springframework.boot.actuate.endpoint.mvc.EndpointHandlerMapping - Mapped "{[/env/reset],methods=[POST]}" onto public java.util.Map<java.lang.String, java.lang.Object> org.springframework.cloud.context.environment.EnvironmentManagerMvcEndpoint.reset()
2020-12-03 15:44:11.632 INFO  org.springframework.boot.actuate.endpoint.mvc.EndpointHandlerMapping - Mapped "{[/autoconfig || /autoconfig.json],methods=[GET],produces=[application/vnd.spring-boot.actuator.v1+json || application/json]}" onto public java.lang.Object org.springframework.boot.actuate.endpoint.mvc.EndpointMvcAdapter.invoke()
2020-12-03 15:44:11.639 INFO  org.springframework.boot.actuate.endpoint.mvc.EndpointHandlerMapping - Mapped "{[/auditevents || /auditevents.json],methods=[GET],produces=[application/vnd.spring-boot.actuator.v1+json || application/json]}" onto public org.springframework.http.ResponseEntity<?> org.springframework.boot.actuate.endpoint.mvc.AuditEventsMvcEndpoint.findByPrincipalAndAfterAndType(java.lang.String,java.util.Date,java.lang.String)
2020-12-03 15:44:11.641 INFO  org.springframework.boot.actuate.endpoint.mvc.EndpointHandlerMapping - Mapped "{[/refresh || /refresh.json],methods=[POST]}" onto public java.lang.Object org.springframework.cloud.endpoint.GenericPostableMvcEndpoint.invoke()
2020-12-03 15:44:11.642 INFO  org.springframework.boot.actuate.endpoint.mvc.EndpointHandlerMapping - Mapped "{[/loggers/{name:.*}],methods=[GET],produces=[application/vnd.spring-boot.actuator.v1+json || application/json]}" onto public java.lang.Object org.springframework.boot.actuate.endpoint.mvc.LoggersMvcEndpoint.get(java.lang.String)
2020-12-03 15:44:11.642 INFO  org.springframework.boot.actuate.endpoint.mvc.EndpointHandlerMapping - Mapped "{[/loggers/{name:.*}],methods=[POST],consumes=[application/vnd.spring-boot.actuator.v1+json || application/json],produces=[application/vnd.spring-boot.actuator.v1+json || application/json]}" onto public java.lang.Object org.springframework.boot.actuate.endpoint.mvc.LoggersMvcEndpoint.set(java.lang.String,java.util.Map<java.lang.String, java.lang.String>)
2020-12-03 15:44:11.642 INFO  org.springframework.boot.actuate.endpoint.mvc.EndpointHandlerMapping - Mapped "{[/loggers || /loggers.json],methods=[GET],produces=[application/vnd.spring-boot.actuator.v1+json || application/json]}" onto public java.lang.Object org.springframework.boot.actuate.endpoint.mvc.EndpointMvcAdapter.invoke()
2020-12-03 15:44:11.642 INFO  org.springframework.boot.actuate.endpoint.mvc.EndpointHandlerMapping - Mapped "{[/archaius || /archaius.json],methods=[GET],produces=[application/vnd.spring-boot.actuator.v1+json || application/json]}" onto public java.lang.Object org.springframework.boot.actuate.endpoint.mvc.EndpointMvcAdapter.invoke()
2020-12-03 15:44:11.643 INFO  org.springframework.boot.actuate.endpoint.mvc.EndpointHandlerMapping - Mapped "{[/metrics/{name:.*}],methods=[GET],produces=[application/vnd.spring-boot.actuator.v1+json || application/json]}" onto public java.lang.Object org.springframework.boot.actuate.endpoint.mvc.MetricsMvcEndpoint.value(java.lang.String)
2020-12-03 15:44:11.643 INFO  org.springframework.boot.actuate.endpoint.mvc.EndpointHandlerMapping - Mapped "{[/metrics || /metrics.json],methods=[GET],produces=[application/vnd.spring-boot.actuator.v1+json || application/json]}" onto public java.lang.Object org.springframework.boot.actuate.endpoint.mvc.EndpointMvcAdapter.invoke()
2020-12-03 15:44:11.643 INFO  org.springframework.boot.actuate.endpoint.mvc.EndpointHandlerMapping - Mapped "{[/pause || /pause.json],methods=[POST]}" onto public java.lang.Object org.springframework.cloud.endpoint.GenericPostableMvcEndpoint.invoke()
2020-12-03 15:44:11.643 INFO  org.springframework.boot.actuate.endpoint.mvc.EndpointHandlerMapping - Mapped "{[/features || /features.json],methods=[GET],produces=[application/vnd.spring-boot.actuator.v1+json || application/json]}" onto public java.lang.Object org.springframework.boot.actuate.endpoint.mvc.EndpointMvcAdapter.invoke()
2020-12-03 15:44:11.644 INFO  org.springframework.boot.actuate.endpoint.mvc.EndpointHandlerMapping - Mapped "{[/trace || /trace.json],methods=[GET],produces=[application/vnd.spring-boot.actuator.v1+json || application/json]}" onto public java.lang.Object org.springframework.boot.actuate.endpoint.mvc.EndpointMvcAdapter.invoke()
2020-12-03 15:44:11.644 INFO  org.springframework.boot.actuate.endpoint.mvc.EndpointHandlerMapping - Mapped "{[/info || /info.json],methods=[GET],produces=[application/vnd.spring-boot.actuator.v1+json || application/json]}" onto public java.lang.Object org.springframework.boot.actuate.endpoint.mvc.EndpointMvcAdapter.invoke()
2020-12-03 15:44:11.644 INFO  org.springframework.boot.actuate.endpoint.mvc.EndpointHandlerMapping - Mapped "{[/health || /health.json],methods=[GET],produces=[application/vnd.spring-boot.actuator.v1+json || application/json]}" onto public java.lang.Object org.springframework.boot.actuate.endpoint.mvc.HealthMvcEndpoint.invoke(javax.servlet.http.HttpServletRequest,java.security.Principal)
2020-12-03 15:44:11.645 INFO  org.springframework.boot.actuate.endpoint.mvc.EndpointHandlerMapping - Mapped "{[/mappings || /mappings.json],methods=[GET],produces=[application/vnd.spring-boot.actuator.v1+json || application/json]}" onto public java.lang.Object org.springframework.boot.actuate.endpoint.mvc.EndpointMvcAdapter.invoke()
2020-12-03 15:44:11.645 INFO  org.springframework.boot.actuate.endpoint.mvc.EndpointHandlerMapping - Mapped "{[/restart || /restart.json],methods=[POST]}" onto public java.lang.Object org.springframework.cloud.context.restart.RestartMvcEndpoint.invoke()
2020-12-03 15:44:11.645 INFO  org.springframework.boot.actuate.endpoint.mvc.EndpointHandlerMapping - Mapped "{[/beans || /beans.json],methods=[GET],produces=[application/vnd.spring-boot.actuator.v1+json || application/json]}" onto public java.lang.Object org.springframework.boot.actuate.endpoint.mvc.EndpointMvcAdapter.invoke()
2020-12-03 15:44:11.645 INFO  org.springframework.boot.actuate.endpoint.mvc.EndpointHandlerMapping - Mapped "{[/configprops || /configprops.json],methods=[GET],produces=[application/vnd.spring-boot.actuator.v1+json || application/json]}" onto public java.lang.Object org.springframework.boot.actuate.endpoint.mvc.EndpointMvcAdapter.invoke()
2020-12-03 15:44:11.646 INFO  org.springframework.boot.actuate.endpoint.mvc.EndpointHandlerMapping - Mapped "{[/dump || /dump.json],methods=[GET],produces=[application/vnd.spring-boot.actuator.v1+json || application/json]}" onto public java.lang.Object org.springframework.boot.actuate.endpoint.mvc.EndpointMvcAdapter.invoke()
2020-12-03 15:44:11.646 INFO  org.springframework.boot.actuate.endpoint.mvc.EndpointHandlerMapping - Mapped "{[/heapdump || /heapdump.json],methods=[GET],produces=[application/octet-stream]}" onto public void org.springframework.boot.actuate.endpoint.mvc.HeapdumpMvcEndpoint.invoke(boolean,javax.servlet.http.HttpServletRequest,javax.servlet.http.HttpServletResponse) throws java.io.IOException,javax.servlet.ServletException
2020-12-03 15:44:11.646 INFO  org.springframework.boot.actuate.endpoint.mvc.EndpointHandlerMapping - Mapped "{[/resume || /resume.json],methods=[POST]}" onto public java.lang.Object org.springframework.cloud.endpoint.GenericPostableMvcEndpoint.invoke()
2020-12-03 15:44:11.827 INFO  org.springframework.web.servlet.mvc.method.annotation.RequestMappingHandlerAdapter - Looking for @ControllerAdvice: org.springframework.boot.context.embedded.AnnotationConfigEmbeddedWebApplicationContext@48ea2003: startup date [Thu Dec 03 15:44:08 CST 2020]; parent: org.springframework.context.annotation.AnnotationConfigApplicationContext@4b1d6571
2020-12-03 15:44:11.880 INFO  org.springframework.web.servlet.handler.SimpleUrlHandlerMapping - Mapped URL path [/webjars/**] onto handler of type [class org.springframework.web.servlet.resource.ResourceHttpRequestHandler]
2020-12-03 15:44:11.881 INFO  org.springframework.web.servlet.handler.SimpleUrlHandlerMapping - Mapped URL path [/**] onto handler of type [class org.springframework.web.servlet.resource.ResourceHttpRequestHandler]
2020-12-03 15:44:11.900 INFO  org.springframework.web.servlet.mvc.method.annotation.ExceptionHandlerExceptionResolver - Detected @ExceptionHandler methods in globalExceptionHandler
2020-12-03 15:44:11.920 INFO  org.springframework.web.servlet.handler.SimpleUrlHandlerMapping - Mapped URL path [/**/favicon.ico] onto handler of type [class org.springframework.web.servlet.resource.ResourceHttpRequestHandler]
2020-12-03 15:44:12.314 INFO  com.netflix.config.sources.URLConfigurationSource - To enable URLs as dynamic configuration sources, define System property archaius.configurationSource.additionalUrls or make config.properties available on classpath.
2020-12-03 15:44:12.317 INFO  com.netflix.config.sources.URLConfigurationSource - To enable URLs as dynamic configuration sources, define System property archaius.configurationSource.additionalUrls or make config.properties available on classpath.
2020-12-03 15:44:12.456 INFO  org.springframework.jmx.export.annotation.AnnotationMBeanExporter - Registering beans for JMX exposure on startup
2020-12-03 15:44:12.463 INFO  org.springframework.jmx.export.annotation.AnnotationMBeanExporter - Bean with name 'refreshScope' has been autodetected for JMX exposure
2020-12-03 15:44:12.463 INFO  org.springframework.jmx.export.annotation.AnnotationMBeanExporter - Bean with name 'environmentManager' has been autodetected for JMX exposure
2020-12-03 15:44:12.466 INFO  org.springframework.jmx.export.annotation.AnnotationMBeanExporter - Bean with name 'configurationPropertiesRebinder' has been autodetected for JMX exposure
2020-12-03 15:44:12.466 INFO  org.springframework.jmx.export.annotation.AnnotationMBeanExporter - Bean with name 'refreshEndpoint' has been autodetected for JMX exposure
2020-12-03 15:44:12.466 INFO  org.springframework.jmx.export.annotation.AnnotationMBeanExporter - Bean with name 'restartEndpoint' has been autodetected for JMX exposure
2020-12-03 15:44:12.469 INFO  org.springframework.jmx.export.annotation.AnnotationMBeanExporter - Located managed bean 'environmentManager': registering with JMX server as MBean [org.springframework.cloud.context.environment:name=environmentManager,type=EnvironmentManager]
2020-12-03 15:44:12.479 INFO  org.springframework.jmx.export.annotation.AnnotationMBeanExporter - Located managed bean 'restartEndpoint': registering with JMX server as MBean [org.springframework.cloud.context.restart:name=restartEndpoint,type=RestartEndpoint]
2020-12-03 15:44:12.486 INFO  org.springframework.jmx.export.annotation.AnnotationMBeanExporter - Located managed bean 'refreshScope': registering with JMX server as MBean [org.springframework.cloud.context.scope.refresh:name=refreshScope,type=RefreshScope]
2020-12-03 15:44:12.494 INFO  org.springframework.jmx.export.annotation.AnnotationMBeanExporter - Located managed bean 'configurationPropertiesRebinder': registering with JMX server as MBean [org.springframework.cloud.context.properties:name=configurationPropertiesRebinder,context=48ea2003,type=ConfigurationPropertiesRebinder]
2020-12-03 15:44:12.499 INFO  org.springframework.jmx.export.annotation.AnnotationMBeanExporter - Located managed bean 'refreshEndpoint': registering with JMX server as MBean [org.springframework.cloud.endpoint:name=refreshEndpoint,type=RefreshEndpoint]
2020-12-03 15:44:12.500 INFO  org.springframework.boot.actuate.endpoint.jmx.EndpointMBeanExporter - Registering beans for JMX exposure on startup
2020-12-03 15:44:12.654 INFO  org.springframework.context.support.DefaultLifecycleProcessor - Starting beans in phase 0
2020-12-03 15:44:12.656 INFO  org.springframework.boot.actuate.endpoint.jmx.EndpointMBeanExporter - Located managed bean 'auditEventsEndpoint': registering with JMX server as MBean [org.springframework.boot:type=Endpoint,name=auditEventsEndpoint]
2020-12-03 15:44:12.660 INFO  org.springframework.boot.actuate.endpoint.jmx.EndpointMBeanExporter - Located managed bean 'featuresEndpoint': registering with JMX server as MBean [org.springframework.boot:type=Endpoint,name=featuresEndpoint]
2020-12-03 15:44:12.665 INFO  org.springframework.boot.actuate.endpoint.jmx.EndpointMBeanExporter - Located managed bean 'requestMappingEndpoint': registering with JMX server as MBean [org.springframework.boot:type=Endpoint,name=requestMappingEndpoint]
2020-12-03 15:44:12.667 INFO  org.springframework.boot.actuate.endpoint.jmx.EndpointMBeanExporter - Located managed bean 'environmentEndpoint': registering with JMX server as MBean [org.springframework.boot:type=Endpoint,name=environmentEndpoint]
2020-12-03 15:44:12.669 INFO  org.springframework.boot.actuate.endpoint.jmx.EndpointMBeanExporter - Located managed bean 'healthEndpoint': registering with JMX server as MBean [org.springframework.boot:type=Endpoint,name=healthEndpoint]
2020-12-03 15:44:12.670 INFO  org.springframework.boot.actuate.endpoint.jmx.EndpointMBeanExporter - Located managed bean 'beansEndpoint': registering with JMX server as MBean [org.springframework.boot:type=Endpoint,name=beansEndpoint]
2020-12-03 15:44:12.672 INFO  org.springframework.boot.actuate.endpoint.jmx.EndpointMBeanExporter - Located managed bean 'infoEndpoint': registering with JMX server as MBean [org.springframework.boot:type=Endpoint,name=infoEndpoint]
2020-12-03 15:44:12.674 INFO  org.springframework.boot.actuate.endpoint.jmx.EndpointMBeanExporter - Located managed bean 'loggersEndpoint': registering with JMX server as MBean [org.springframework.boot:type=Endpoint,name=loggersEndpoint]
2020-12-03 15:44:12.677 INFO  org.springframework.boot.actuate.endpoint.jmx.EndpointMBeanExporter - Located managed bean 'metricsEndpoint': registering with JMX server as MBean [org.springframework.boot:type=Endpoint,name=metricsEndpoint]
2020-12-03 15:44:12.678 INFO  org.springframework.boot.actuate.endpoint.jmx.EndpointMBeanExporter - Located managed bean 'traceEndpoint': registering with JMX server as MBean [org.springframework.boot:type=Endpoint,name=traceEndpoint]
2020-12-03 15:44:12.680 INFO  org.springframework.boot.actuate.endpoint.jmx.EndpointMBeanExporter - Located managed bean 'dumpEndpoint': registering with JMX server as MBean [org.springframework.boot:type=Endpoint,name=dumpEndpoint]
2020-12-03 15:44:12.681 INFO  org.springframework.boot.actuate.endpoint.jmx.EndpointMBeanExporter - Located managed bean 'autoConfigurationReportEndpoint': registering with JMX server as MBean [org.springframework.boot:type=Endpoint,name=autoConfigurationReportEndpoint]
2020-12-03 15:44:12.682 INFO  org.springframework.boot.actuate.endpoint.jmx.EndpointMBeanExporter - Located managed bean 'configurationPropertiesReportEndpoint': registering with JMX server as MBean [org.springframework.boot:type=Endpoint,name=configurationPropertiesReportEndpoint]
2020-12-03 15:44:12.684 INFO  org.springframework.boot.actuate.endpoint.jmx.EndpointMBeanExporter - Located managed bean 'archaiusEndpoint': registering with JMX server as MBean [org.springframework.boot:type=Endpoint,name=archaiusEndpoint]
2020-12-03 15:44:12.684 INFO  org.springframework.context.support.DefaultLifecycleProcessor - Starting beans in phase 2147483647
2020-12-03 15:44:12.684 INFO  springfox.documentation.spring.web.plugins.DocumentationPluginsBootstrapper - Context refreshed
2020-12-03 15:44:12.695 INFO  springfox.documentation.spring.web.plugins.DocumentationPluginsBootstrapper - Found 1 custom documentation plugin(s)
2020-12-03 15:44:12.707 INFO  springfox.documentation.spring.web.scanners.ApiListingReferenceScanner - Scanning for api listing references
2020-12-03 15:44:12.811 INFO  springfox.documentation.spring.web.readers.operation.CachingOperationNameGenerator - Generating unique operation named: createUsingPOST_1
2020-12-03 15:44:12.839 INFO  org.apache.coyote.http11.Http11NioProtocol - Initializing ProtocolHandler ["http-nio-9002"]
2020-12-03 15:44:12.846 INFO  org.apache.coyote.http11.Http11NioProtocol - Starting ProtocolHandler [http-nio-9002]
2020-12-03 15:44:12.862 INFO  org.apache.tomcat.util.net.NioSelectorPool - Using a shared selector for servlet write/read
2020-12-03 15:44:12.874 INFO  org.springframework.boot.context.embedded.tomcat.TomcatEmbeddedServletContainer - Tomcat started on port(s): 9002 (http)
2020-12-03 15:44:12.879 INFO  com.weibo.oasis.Application - Started Application in 24.766 seconds (JVM running for 30.404)
2020-12-03 15:44:28.453 INFO  org.apache.catalina.core.ContainerBase.[Tomcat].[localhost].[/] - Initializing Spring FrameworkServlet 'dispatcherServlet'
2020-12-03 15:44:28.453 INFO  org.springframework.web.servlet.DispatcherServlet - FrameworkServlet 'dispatcherServlet': initialization started
2020-12-03 15:44:28.470 INFO  org.springframework.web.servlet.DispatcherServlet - FrameworkServlet 'dispatcherServlet': initialization completed in 17 ms
2020-12-03 18:52:50.105 INFO  org.springframework.boot.context.embedded.AnnotationConfigEmbeddedWebApplicationContext - Closing org.springframework.boot.context.embedded.AnnotationConfigEmbeddedWebApplicationContext@48ea2003: startup date [Thu Dec 03 15:44:08 CST 2020]; parent: org.springframework.context.annotation.AnnotationConfigApplicationContext@4b1d6571
2020-12-03 18:52:50.107 INFO  org.springframework.context.support.DefaultLifecycleProcessor - Stopping beans in phase 2147483647
2020-12-03 18:52:50.107 INFO  org.springframework.context.support.DefaultLifecycleProcessor - Stopping beans in phase 0
2020-12-03 18:52:50.110 INFO  org.springframework.boot.actuate.endpoint.jmx.EndpointMBeanExporter - Unregistering JMX-exposed beans on shutdown
2020-12-03 18:52:50.110 INFO  org.springframework.boot.actuate.endpoint.jmx.EndpointMBeanExporter - Unregistering JMX-exposed beans
2020-12-03 18:52:50.110 INFO  org.springframework.jmx.export.annotation.AnnotationMBeanExporter - Unregistering JMX-exposed beans on shutdown
2020-12-03 18:52:50.110 INFO  org.springframework.jmx.export.annotation.AnnotationMBeanExporter - Unregistering JMX-exposed beans
